
                         Lattice Mapping Report File

Design:  seven_seg_decoder_mux
Family:  iCE40UP
Device:  iCE40UP5K
Package: SG48
Performance Grade:  High-Performance_1.2V

Mapper:    version Radiant Software (64-bit) 2025.1.0.39.0
Mapped on: Tue Sep  9 21:33:17 2025

Design Information
------------------

Command line:   map -i lab2_AIPrototype_impl_1_syn.udb -o
     lab2_AIPrototype_impl_1_map.udb -mp lab2_AIPrototype_impl_1.mrp -hierrpt
     -gui -msgset C:/Users/chris/OneDrive/Desktop/Wu-E155-Lab2/e155-lab2/lab2_AI
     Prototype/promote.xml

Design Summary
--------------

   Number of slice registers:  31 out of  5280 (1%)
   Number of I/O registers:      0 out of   117 (0%)
   Number of LUT4s:            40 out of  5280 (1%)
      Number of logic LUT4s:              14
      Number of inserted feedthru LUT4s:   1
      Number of replicated LUT4s:          7
      Number of ripple logic:              9 (18 LUT4s)
   Number of IO sites used:   26 out of 39 (67%)
      Number of IO sites used for general PIO: 26
      Number of IO sites used for I3C: 0 out of 2 (0%)
      (note: If I3C is not used, its site can be used as general PIO)
      Number of IO sites used for PIO+I3C: 26 out of 36 (72%)
      Number of IO sites used for OD+RGB IO buffers: 0 out of 3 (0%)
      (note: If RGB LED drivers are not used, sites can be used as OD outputs,
       see TN1288 iCE40 LED Driver Usage Guide)
      Number of IO sites used for PIO+I3C+OD+RGB: 26 out of 39 (67%)
   Number of DSPs:             0 out of 8 (0%)
   Number of I2Cs:             0 out of 2 (0%)
   Number of High Speed OSCs:  0 out of 1 (0%)
   Number of Low Speed OSCs:   0 out of 1 (0%)
   Number of RGB PWM:          0 out of 1 (0%)
   Number of RGB Drivers:      0 out of 1 (0%)
   Number of SCL FILTERs:      0 out of 2 (0%)
   Number of SRAMs:            0 out of 4 (0%)
   Number of WARMBOOTs:        0 out of 1 (0%)
   Number of SPIs:             0 out of 2 (0%)
   Number of EBRs:             0 out of 30 (0%)
   Number of PLLs:             0 out of 1 (0%)
   Number of Clocks:  1
      Net clk_c: 24 loads, 24 rising, 0 falling (Driver: Port clk)
   Number of Clock Enables:  2
      Net digit1_enable_c: 7 loads, 7 SLICEs
      Net digit1_enable_c_N_17: 7 loads, 7 SLICEs
   Number of LSRs:  1
      Net seg1_out_c_0_N_46: 24 loads, 24 SLICEs
   Top 10 highest fanout non-clock nets:
      Net seg1_out_c_0_N_46: 24 loads
      Net mux_input[0]: 14 loads
      Net mux_input[1]: 14 loads

                                    Page 1





Design Summary (cont)
---------------------
      Net mux_input[2]: 14 loads
      Net mux_input[3]: 14 loads
      Net digit1_enable_c: 13 loads
      Net digit1_enable_c_N_17: 8 loads
      Net clk_counter[15]: 2 loads
      Net n304: 2 loads
      Net n306: 2 loads





   Number of warnings:  0
   Number of criticals: 0
   Number of errors:    0

Design Errors/Criticals/Warnings
--------------------------------

   No error, critical, or warning presents.

IO (PIO) Attributes
-------------------

+---------------------+-----------+-----------+-------+-------+-----------+
| IO Name             | Direction | Levelmode |  IO   |  IO   | Special   |
|                     |           |  IO_TYPE  |  REG  |  DDR  | IO Buffer |
+---------------------+-----------+-----------+-------+-------+-----------+
| digit1_in[0]        | INPUT     |           |       |       |           |
+---------------------+-----------+-----------+-------+-------+-----------+
| digit1_in[1]        | INPUT     |           |       |       |           |
+---------------------+-----------+-----------+-------+-------+-----------+
| digit1_in[2]        | INPUT     |           |       |       |           |
+---------------------+-----------+-----------+-------+-------+-----------+
| digit1_in[3]        | INPUT     |           |       |       |           |
+---------------------+-----------+-----------+-------+-------+-----------+
| digit0_in[0]        | INPUT     |           |       |       |           |
+---------------------+-----------+-----------+-------+-------+-----------+
| digit0_in[1]        | INPUT     |           |       |       |           |
+---------------------+-----------+-----------+-------+-------+-----------+
| digit0_in[2]        | INPUT     |           |       |       |           |
+---------------------+-----------+-----------+-------+-------+-----------+
| digit0_in[3]        | INPUT     |           |       |       |           |
+---------------------+-----------+-----------+-------+-------+-----------+
| rst_n               | INPUT     |           |       |       |           |
+---------------------+-----------+-----------+-------+-------+-----------+
| clk                 | INPUT     |           |       |       |           |
+---------------------+-----------+-----------+-------+-------+-----------+
| digit1_enable       | OUTPUT    |           |       |       |           |
+---------------------+-----------+-----------+-------+-------+-----------+
| digit0_enable       | OUTPUT    |           |       |       |           |
+---------------------+-----------+-----------+-------+-------+-----------+
| seg1_out[0]         | OUTPUT    |           |       |       |           |
+---------------------+-----------+-----------+-------+-------+-----------+
| seg1_out[1]         | OUTPUT    |           |       |       |           |
+---------------------+-----------+-----------+-------+-------+-----------+
| seg1_out[2]         | OUTPUT    |           |       |       |           |
+---------------------+-----------+-----------+-------+-------+-----------+

                                    Page 2





IO (PIO) Attributes (cont)
--------------------------
| seg1_out[3]         | OUTPUT    |           |       |       |           |
+---------------------+-----------+-----------+-------+-------+-----------+
| seg1_out[4]         | OUTPUT    |           |       |       |           |
+---------------------+-----------+-----------+-------+-------+-----------+
| seg1_out[5]         | OUTPUT    |           |       |       |           |
+---------------------+-----------+-----------+-------+-------+-----------+
| seg1_out[6]         | OUTPUT    |           |       |       |           |
+---------------------+-----------+-----------+-------+-------+-----------+
| seg0_out[0]         | OUTPUT    |           |       |       |           |
+---------------------+-----------+-----------+-------+-------+-----------+
| seg0_out[1]         | OUTPUT    |           |       |       |           |
+---------------------+-----------+-----------+-------+-------+-----------+
| seg0_out[2]         | OUTPUT    |           |       |       |           |
+---------------------+-----------+-----------+-------+-------+-----------+
| seg0_out[3]         | OUTPUT    |           |       |       |           |
+---------------------+-----------+-----------+-------+-------+-----------+
| seg0_out[4]         | OUTPUT    |           |       |       |           |
+---------------------+-----------+-----------+-------+-------+-----------+
| seg0_out[5]         | OUTPUT    |           |       |       |           |
+---------------------+-----------+-----------+-------+-------+-----------+
| seg0_out[6]         | OUTPUT    |           |       |       |           |
+---------------------+-----------+-----------+-------+-------+-----------+

Removed logic
-------------

Block i1 was optimized away.

Constraint Summary
------------------

   Total number of constraints: 0
   Total number of constraints dropped: 0

Run Time and Memory Usage
-------------------------

   Total CPU Time: 0 secs
   Total REAL Time: 0 secs
   Peak Memory Usage: 61 MB
Checksum -- map: ee6ffa3cb6456be0b4a6afead3a322d873ea8ff4

















                                    Page 3


Copyright (c) 1991-1994 by NeoCAD Inc. All rights reserved.
Copyright (c) 1995
     AT&T Corp.   All rights reserved.
Copyright (c) 1995-2001 Lucent
     Technologies Inc.  All rights reserved.
Copyright (c) 2001 Agere Systems
     All rights reserved.
Copyright (c) 2002-2025 Lattice Semiconductor
     Corporation,  All rights reserved.
