
                         Lattice Mapping Report File

Design:  lab2_cw
Family:  iCE40UP
Device:  iCE40UP5K
Package: SG48
Performance Grade:  High-Performance_1.2V

Mapper:    version Radiant Software (64-bit) 2025.1.0.39.0
Mapped on: Sun Sep  7 20:17:04 2025

Design Information
------------------

Command line:   map -pdc C:/Users/chris/OneDrive/Desktop/Wu-E155-Lab2/lab2_cw_ra
     diant/lab2_cw_pinAssignment.pdc -i lab2_cw_radiant_impl_1_syn.udb -o
     lab2_cw_radiant_impl_1_map.udb -mp lab2_cw_radiant_impl_1.mrp -hierrpt -gui
     -msgset
     C:/Users/chris/OneDrive/Desktop/Wu-E155-Lab2/lab2_cw_radiant/promote.xml

Design Summary
--------------

   Number of slice registers:  30 out of  5280 (1%)
   Number of I/O registers:      2 out of   117 (2%)
   Number of LUT4s:            55 out of  5280 (1%)
      Number of logic LUT4s:              29
      Number of ripple logic:             13 (26 LUT4s)
   Number of IO sites used:   22 out of 39 (56%)
      Number of IO sites used for general PIO: 22
      Number of IO sites used for I3C: 0 out of 2 (0%)
      (note: If I3C is not used, its site can be used as general PIO)
      Number of IO sites used for PIO+I3C: 22 out of 36 (61%)
      Number of IO sites used for OD+RGB IO buffers: 0 out of 3 (0%)
      (note: If RGB LED drivers are not used, sites can be used as OD outputs,
       see TN1288 iCE40 LED Driver Usage Guide)
      Number of IO sites used for PIO+I3C+OD+RGB: 22 out of 39 (56%)
   Number of DSPs:             0 out of 8 (0%)
   Number of I2Cs:             0 out of 2 (0%)
   Number of High Speed OSCs:  1 out of 1 (100%)
   Number of Low Speed OSCs:   0 out of 1 (0%)
   Number of RGB PWM:          0 out of 1 (0%)
   Number of RGB Drivers:      0 out of 1 (0%)
   Number of SCL FILTERs:      0 out of 2 (0%)
   Number of SRAMs:            0 out of 4 (0%)
   Number of WARMBOOTs:        0 out of 1 (0%)
   Number of SPIs:             0 out of 2 (0%)
   Number of EBRs:             0 out of 30 (0%)
   Number of PLLs:             0 out of 1 (0%)
   Number of Clocks:  1
      Net tm.int_osc: 20 loads, 20 rising, 0 falling (Driver: Pin
     tm.hf_osc/CLKHF)
   Number of Clock Enables:  2
      Net tm.int_osc_enable_2: 6 loads, 4 SLICEs
      Net sum_pad[0].vcc: 1 loads, 0 SLICEs
   Number of LSRs:  1
      Net tm.int_osc_enable_2: 13 loads, 13 SLICEs
   Top 10 highest fanout non-clock nets:
      Net tm.int_osc_enable_2: 20 loads
      Net tm.sevenSegmentSignal[0]: 7 loads
      Net tm.sevenSegmentSignal[1]: 7 loads

                                    Page 1





Design Summary (cont)
---------------------
      Net tm.sevenSegmentSignal[2]: 7 loads
      Net tm.sevenSegmentSignal[3]: 7 loads
      Net tm.signal: 7 loads
      Net s1_c_0: 4 loads
      Net s2_c_0: 4 loads
      Net s1_c_1: 3 loads
      Net s1_c_2: 3 loads





   Number of warnings:  0
   Number of criticals: 0
   Number of errors:    0

Design Errors/Criticals/Warnings
--------------------------------

   No error, critical, or warning presents.

IO (PIO) Attributes
-------------------

+---------------------+-----------+-----------+-------+-------+-----------+
| IO Name             | Direction | Levelmode |  IO   |  IO   | Special   |
|                     |           |  IO_TYPE  |  REG  |  DDR  | IO Buffer |
+---------------------+-----------+-----------+-------+-------+-----------+
| s2[0]               | INPUT     |           |       |       |           |
+---------------------+-----------+-----------+-------+-------+-----------+
| s2[1]               | INPUT     |           |       |       |           |
+---------------------+-----------+-----------+-------+-------+-----------+
| s2[2]               | INPUT     |           |       |       |           |
+---------------------+-----------+-----------+-------+-------+-----------+
| s2[3]               | INPUT     |           |       |       |           |
+---------------------+-----------+-----------+-------+-------+-----------+
| s1[0]               | INPUT     |           |       |       |           |
+---------------------+-----------+-----------+-------+-------+-----------+
| s1[1]               | INPUT     |           |       |       |           |
+---------------------+-----------+-----------+-------+-------+-----------+
| s1[2]               | INPUT     |           |       |       |           |
+---------------------+-----------+-----------+-------+-------+-----------+
| s1[3]               | INPUT     |           |       |       |           |
+---------------------+-----------+-----------+-------+-------+-----------+
| sum[0]              | OUTPUT    |           |       |       |           |
+---------------------+-----------+-----------+-------+-------+-----------+
| sum[1]              | OUTPUT    |           |       |       |           |
+---------------------+-----------+-----------+-------+-------+-----------+
| sum[2]              | OUTPUT    |           |       |       |           |
+---------------------+-----------+-----------+-------+-------+-----------+
| sum[3]              | OUTPUT    |           |       |       |           |
+---------------------+-----------+-----------+-------+-------+-----------+
| sum[4]              | OUTPUT    |           |       |       |           |
+---------------------+-----------+-----------+-------+-------+-----------+
| an2                 | OUTPUT    |           | O     |       |           |
+---------------------+-----------+-----------+-------+-------+-----------+
| an1                 | OUTPUT    |           | O     |       |           |
+---------------------+-----------+-----------+-------+-------+-----------+

                                    Page 2





IO (PIO) Attributes (cont)
--------------------------
| seg[0]              | OUTPUT    |           |       |       |           |
+---------------------+-----------+-----------+-------+-------+-----------+
| seg[1]              | OUTPUT    |           |       |       |           |
+---------------------+-----------+-----------+-------+-------+-----------+
| seg[2]              | OUTPUT    |           |       |       |           |
+---------------------+-----------+-----------+-------+-------+-----------+
| seg[3]              | OUTPUT    |           |       |       |           |
+---------------------+-----------+-----------+-------+-------+-----------+
| seg[4]              | OUTPUT    |           |       |       |           |
+---------------------+-----------+-----------+-------+-------+-----------+
| seg[5]              | OUTPUT    |           |       |       |           |
+---------------------+-----------+-----------+-------+-------+-----------+
| seg[6]              | OUTPUT    |           |       |       |           |
+---------------------+-----------+-----------+-------+-------+-----------+

Removed logic
-------------

Block s2_pad[0].vlo_inst was optimized away.

OSC Summary
-----------

OSC 1:                                 Pin/Node Value
  OSC Instance Name:                            tm/hf_osc
  Power UP:                            NODE     sum_pad[0].vcc
  Enable Signal:                       NODE     sum_pad[0].vcc
  OSC Output:                          NODE     tm.int_osc
  DIV Setting:                                  00

ASIC Components
---------------

Instance Name: tm/an2
         Type: IOLOGIC
Instance Name: tm/an1
         Type: IOLOGIC
Instance Name: tm/hf_osc
         Type: HFOSC

Constraint Summary
------------------

   Total number of constraints: 23
   Total number of constraints dropped: 0

Run Time and Memory Usage
-------------------------

   Total CPU Time: 0 secs
   Total REAL Time: 0 secs
   Peak Memory Usage: 65 MB
Checksum -- map: a178e58cab73f1fc8c4583185bff4b5f962b6cd





                                    Page 3


Copyright (c) 1991-1994 by NeoCAD Inc. All rights reserved.
Copyright (c) 1995
     AT&T Corp.   All rights reserved.
Copyright (c) 1995-2001 Lucent
     Technologies Inc.  All rights reserved.
Copyright (c) 2001 Agere Systems
     All rights reserved.
Copyright (c) 2002-2025 Lattice Semiconductor
     Corporation,  All rights reserved.
