
                         Lattice Mapping Report File

Design:  timemux_sevenSegmentDisplay
Family:  iCE40UP
Device:  iCE40UP5K
Package: SG48
Performance Grade:  High-Performance_1.2V

Mapper:    version Radiant Software (64-bit) 2025.1.0.39.0
Mapped on: Tue Sep  9 21:53:05 2025

Design Information
------------------

Command line:   map -pdc C:/Users/chris/OneDrive/Desktop/Wu-E155-Lab2/e155-lab2/
     lab2_AIPrototype2/pinAssignments.pdc -i lab2_AIPrototype2_impl_1_syn.udb -o
     lab2_AIPrototype2_impl_1_map.udb -mp lab2_AIPrototype2_impl_1.mrp -hierrpt
     -gui -msgset C:/Users/chris/OneDrive/Desktop/Wu-E155-Lab2/e155-lab2/lab2_AI
     Prototype2/promote.xml

Design Summary
--------------

   Number of slice registers:  22 out of  5280 (<1%)
   Number of I/O registers:      0 out of   117 (0%)
   Number of LUT4s:            43 out of  5280 (1%)
      Number of logic LUT4s:              21
      Number of ripple logic:             11 (22 LUT4s)
   Number of IO sites used:   17 out of 39 (44%)
      Number of IO sites used for general PIO: 17
      Number of IO sites used for I3C: 0 out of 2 (0%)
      (note: If I3C is not used, its site can be used as general PIO)
      Number of IO sites used for PIO+I3C: 17 out of 36 (47%)
      Number of IO sites used for OD+RGB IO buffers: 0 out of 3 (0%)
      (note: If RGB LED drivers are not used, sites can be used as OD outputs,
       see TN1288 iCE40 LED Driver Usage Guide)
      Number of IO sites used for PIO+I3C+OD+RGB: 17 out of 39 (44%)
   Number of DSPs:             0 out of 8 (0%)
   Number of I2Cs:             0 out of 2 (0%)
   Number of High Speed OSCs:  1 out of 1 (100%)
   Number of Low Speed OSCs:   0 out of 1 (0%)
   Number of RGB PWM:          0 out of 1 (0%)
   Number of RGB Drivers:      0 out of 1 (0%)
   Number of SCL FILTERs:      0 out of 2 (0%)
   Number of SRAMs:            0 out of 4 (0%)
   Number of WARMBOOTs:        0 out of 1 (0%)
   Number of SPIs:             0 out of 2 (0%)
   Number of EBRs:             0 out of 30 (0%)
   Number of PLLs:             0 out of 1 (0%)
   Number of Clocks:  1
      Net int_osc: 12 loads, 12 rising, 0 falling (Driver: Pin hf_osc/CLKHF)
   Number of Clock Enables:  1
      Net VCC_net: 1 loads, 0 SLICEs
   Number of LSRs:  1
      Net n239: 11 loads, 11 SLICEs
   Top 10 highest fanout non-clock nets:
      Net n239: 12 loads
      Net current_input[0]: 7 loads
      Net current_input[1]: 7 loads
      Net current_input[2]: 7 loads
      Net current_input[3]: 7 loads

                                    Page 1





Design Summary (cont)
---------------------
      Net enable_a_c: 7 loads
      Net VCC_net: 3 loads
      Net counter[0]: 2 loads
      Net counter[18]: 2 loads
      Net counter[19]: 2 loads





   Number of warnings:  0
   Number of criticals: 0
   Number of errors:    0

Design Errors/Criticals/Warnings
--------------------------------

   No error, critical, or warning presents.

IO (PIO) Attributes
-------------------

+---------------------+-----------+-----------+-------+-------+-----------+
| IO Name             | Direction | Levelmode |  IO   |  IO   | Special   |
|                     |           |  IO_TYPE  |  REG  |  DDR  | IO Buffer |
+---------------------+-----------+-----------+-------+-------+-----------+
| input_b[0]          | INPUT     |           |       |       |           |
+---------------------+-----------+-----------+-------+-------+-----------+
| input_b[1]          | INPUT     |           |       |       |           |
+---------------------+-----------+-----------+-------+-------+-----------+
| input_b[2]          | INPUT     |           |       |       |           |
+---------------------+-----------+-----------+-------+-------+-----------+
| input_b[3]          | INPUT     |           |       |       |           |
+---------------------+-----------+-----------+-------+-------+-----------+
| input_a[0]          | INPUT     |           |       |       |           |
+---------------------+-----------+-----------+-------+-------+-----------+
| input_a[1]          | INPUT     |           |       |       |           |
+---------------------+-----------+-----------+-------+-------+-----------+
| input_a[2]          | INPUT     |           |       |       |           |
+---------------------+-----------+-----------+-------+-------+-----------+
| input_a[3]          | INPUT     |           |       |       |           |
+---------------------+-----------+-----------+-------+-------+-----------+
| enable_b            | OUTPUT    |           |       |       |           |
+---------------------+-----------+-----------+-------+-------+-----------+
| enable_a            | OUTPUT    |           |       |       |           |
+---------------------+-----------+-----------+-------+-------+-----------+
| seg[0]              | OUTPUT    |           |       |       |           |
+---------------------+-----------+-----------+-------+-------+-----------+
| seg[1]              | OUTPUT    |           |       |       |           |
+---------------------+-----------+-----------+-------+-------+-----------+
| seg[2]              | OUTPUT    |           |       |       |           |
+---------------------+-----------+-----------+-------+-------+-----------+
| seg[3]              | OUTPUT    |           |       |       |           |
+---------------------+-----------+-----------+-------+-------+-----------+
| seg[4]              | OUTPUT    |           |       |       |           |
+---------------------+-----------+-----------+-------+-------+-----------+
| seg[5]              | OUTPUT    |           |       |       |           |
+---------------------+-----------+-----------+-------+-------+-----------+

                                    Page 2





IO (PIO) Attributes (cont)
--------------------------
| seg[6]              | OUTPUT    |           |       |       |           |
+---------------------+-----------+-----------+-------+-------+-----------+

Removed logic
-------------

Block i1 was optimized away.

OSC Summary
-----------

OSC 1:                                 Pin/Node Value
  OSC Instance Name:                            hf_osc
  Power UP:                            NODE     VCC_net
  Enable Signal:                       NODE     VCC_net
  OSC Output:                          NODE     int_osc
  DIV Setting:                                  00

ASIC Components
---------------

Instance Name: hf_osc
         Type: HFOSC

Constraint Summary
------------------

   Total number of constraints: 18
   Total number of constraints dropped: 0

Run Time and Memory Usage
-------------------------

   Total CPU Time: 0 secs
   Total REAL Time: 0 secs
   Peak Memory Usage: 65 MB
Checksum -- map: 2d9bbce2db087a427b2460c3e399b0bca44c38d





















                                    Page 3


Copyright (c) 1991-1994 by NeoCAD Inc. All rights reserved.
Copyright (c) 1995
     AT&T Corp.   All rights reserved.
Copyright (c) 1995-2001 Lucent
     Technologies Inc.  All rights reserved.
Copyright (c) 2001 Agere Systems
     All rights reserved.
Copyright (c) 2002-2025 Lattice Semiconductor
     Corporation,  All rights reserved.
